/bin/sh: 1: source: not found
************************************************************
*                                                          *
*                     W E L C O M E to                     *
*              M A D G R A P H 5 _ a M C @ N L O           *
*                                                          *
*                                                          *
*                 *                       *                *
*                   *        * *        *                  *
*                     * * * * 5 * * * *                    *
*                   *        * *        *                  *
*                 *                       *                *
*                                                          *
*         VERSION 2.6.7                 2019-10-16         *
*                                                          *
*    The MadGraph5_aMC@NLO Development Team - Find us at   *
*    https://server06.fynu.ucl.ac.be/projects/madgraph     *
*                            and                           *
*            http://amcatnlo.web.cern.ch/amcatnlo/         *
*                                                          *
*               Type 'help' for in-line help.              *
*           Type 'tutorial' to learn how MG5 works         *
*    Type 'tutorial aMCatNLO' to learn how aMC@NLO works   *
*    Type 'tutorial MadLoop' to learn how MadLoop works    *
*                                                          *
************************************************************
load MG5 configuration from ../software/MG5_aMC_v2_6_7/input/mg5_configuration.txt 
fastjet-config does not seem to correspond to a valid fastjet-config executable (v3+). We will use fjcore instead.
 Please set the 'fastjet'variable to the full (absolute) /PATH/TO/fastjet-config (including fastjet-config).
 MG5_aMC> set fastjet /PATH/TO/fastjet-config

lhapdf-config does not seem to correspond to a valid lhapdf-config executable. 
Please set the 'lhapdf' variable to the (absolute) /PATH/TO/lhapdf-config (including lhapdf-config).
Note that you can still compile and run aMC@NLO with the built-in PDFs
 MG5_aMC> set lhapdf /PATH/TO/lhapdf-config

Using default text editor "vi". Set another one in ./input/mg5_configuration.txt
Using default eps viewer "evince". Set another one in ./input/mg5_configuration.txt
Using default web browser "firefox". Set another one in ./input/mg5_configuration.txt
import /tmp/generate.mg5
The import format was not given, so we guess it as command
import model EWdim6-full
[1;60mINFO: download model from http://madgraph.physics.illinois.edu/Downloads/models//EWdim6.tgz to the following directory: /home/irina/Documents/PROJECTS/tutorial-madminer-quadractic-classifier/software/MG5_aMC_v2_6_7/models [0m
--2020-11-16 10:58:15--  http://madgraph.physics.illinois.edu/Downloads/models//EWdim6.tgz
Resolving madgraph.physics.illinois.edu (madgraph.physics.illinois.edu)... 192.17.91.69
Connecting to madgraph.physics.illinois.edu (madgraph.physics.illinois.edu)|192.17.91.69|:80... connected.
HTTP request sent, awaiting response... 200 OK
Length: 21931 (21K) [application/x-gzip]
Saving to: ‘tmp.tgz’

     0K .......... .......... .                               100%  467K=0.05s

2020-11-16 10:58:15 (467 KB/s) - ‘tmp.tgz’ saved [21931/21931]

EWdim6/
EWdim6/__init__.py
EWdim6/build_restrict.py
EWdim6/coupling_orders.py
EWdim6/couplings.py
EWdim6/EWdim6.log
EWdim6/function_library.py
EWdim6/lorentz.py
EWdim6/object_library.py
EWdim6/paramcard_default.dat
EWdim6/parameters.py
EWdim6/particles.py
EWdim6/propagators.py
EWdim6/restrict_default.dat
EWdim6/vertices.py
EWdim6/write_param_card.py
[1;60mINFO: Please cite 1205.4231 when using this model [0m
INFO: load particles 
INFO: load vertices 
INFO: Change particles name to pass to MG5 convention 
Defined multiparticle p = g u d s u~ d~ s~ c c~
Defined multiparticle j = g u d s u~ d~ s~ c c~
Defined multiparticle l+ = e+ mu+
Defined multiparticle l- = e- mu-
Defined multiparticle vl = ve vm vt
Defined multiparticle vl~ = ve~ vm~ vt~
Defined multiparticle all = g u d s u~ d~ s~ a ve vm vt e- ve~ vm~ vt~ e+ c t b c~ t~ b~ z w+ h h1 w- mu- ta- mu+ ta+
generate u d > u d h / a z QCD=0 QED=99 NP=2, h > a a QCD=0 QED=99 NP=0
[1;34mInterpreting 'NP=2' as 'NP<=2'[0m
[1;34mInterpreting 'QED=99' as 'QED<=99'[0m
[1;34mInterpreting 'QED=99' as 'QED<=99'[0m
INFO: Trying process: u d > u d h HIG<=1 HIW<=1 NP<=2 QCD=0 QED<=99 / a z @1  
INFO: Process has 3 diagrams 
INFO: Trying process: h > a a HIG<=1 HIW<=1 NP=0 QCD=0 QED<=99  
INFO: Process has 1 diagrams 
1 processes with 4 diagrams generated in 0.014 s
Total: 1 processes with 4 diagrams
output ./mg_processes/signal1
INFO: directory /home/irina/Documents/PROJECTS/tutorial-madminer-quadractic-classifier/tutorial_particle_physics/mg_processes/signal1 already exists.
If you continue this directory will be deleted and replaced.
Do you want to continue? [[4my[0m, n]
[1mThe answer to the previous question is not set in your input file[0m
[1mUse y value[0m
INFO: initialize a new directory: signal1 
INFO: remove old information in signal1 
INFO: Organizing processes into subprocess groups 
INFO: Organizing processes into subprocess groups 
INFO: Generating Helas calls for process: u d > u d h HIG<=1 HIW<=1 NP<=2 QCD=0 QED<=99 / a z @1 
INFO: Generating Helas calls for process: h > a a HIG<=1 HIW<=1 NP=0 QCD=0 QED<=99 
INFO: Combine u d > u d h HIG<=1 HIW<=1 NP<=2 QCD=0 QED<=99 / a z @1 with decays h > a a HIG<=1 HIW<=1 NP=0 QCD=0 QED<=99 
INFO: Processing color information for process: u d > u d h HIG<=1 HIW<=1 NP<=2 QCD=0 QED<=99 / a z @1
  Decay: h > a a HIG<=1 HIW<=1 NP=0 QCD=0 QED<=99 
INFO: Creating files in directory P1_qq_qqh_h_aa 
INFO: Generating Feynman diagrams for Process: u d > u d h HIG<=1 HIW<=1 NP<=2 QCD=0 QED<=99 / a z @1
  Decay: h > a a HIG<=1 HIW<=1 NP=0 QCD=0 QED<=99 
INFO: Finding symmetric diagrams for subprocess group qq_qqh_h_aa 
Generated helas calls for 1 subprocesses (3 diagrams) in 0.016 s
Wrote files for 12 helas calls in 0.027 s
ALOHA: aloha creates FFV2 routines
ALOHA: aloha creates VVS3 routines
ALOHA: aloha creates VVS2 routines
ALOHA: aloha creates VVS4 routines
ALOHA: aloha creates VVS6 routines
save configuration file to /home/irina/Documents/PROJECTS/tutorial-madminer-quadractic-classifier/tutorial_particle_physics/mg_processes/signal1/Cards/me5_configuration.txt
INFO: Use Fortran compiler gfortran 
INFO: Use c++ compiler g++ 
INFO: Generate jpeg diagrams 
INFO: Generate web pages 
Output to directory /home/irina/Documents/PROJECTS/tutorial-madminer-quadractic-classifier/tutorial_particle_physics/mg_processes/signal1 done.
Type "launch" to generate events from this process, or see
/home/irina/Documents/PROJECTS/tutorial-madminer-quadractic-classifier/tutorial_particle_physics/mg_processes/signal1/README
Run "open index.html" to see more information about this process.
quit
Checking if MG5 is up-to-date... (takes up to 5s)
New Version of MG5 available! Do you want to update your current version? [[4mn[0m, y][60s to answer] 
>Update bypassed.
The next check for a new version will be performed in 7 days
In order to change this delay. Enter the command:
set auto_update X
Putting X to zero will prevent this check at anytime.
You can upgrade your version at any time by typing:
install update
