/bin/sh: 1: source: not found
************************************************************
*                                                          *
*                     W E L C O M E to                     *
*              M A D G R A P H 5 _ a M C @ N L O           *
*                                                          *
*                                                          *
*                 *                       *                *
*                   *        * *        *                  *
*                     * * * * 5 * * * *                    *
*                   *        * *        *                  *
*                 *                       *                *
*                                                          *
*         VERSION 2.6.7                 2019-10-16         *
*                                                          *
*    The MadGraph5_aMC@NLO Development Team - Find us at   *
*    https://server06.fynu.ucl.ac.be/projects/madgraph     *
*                            and                           *
*            http://amcatnlo.web.cern.ch/amcatnlo/         *
*                                                          *
*               Type 'help' for in-line help.              *
*           Type 'tutorial' to learn how MG5 works         *
*    Type 'tutorial aMCatNLO' to learn how aMC@NLO works   *
*    Type 'tutorial MadLoop' to learn how MadLoop works    *
*                                                          *
************************************************************
load MG5 configuration from ../software/MG5_aMC_v2_6_7/input/mg5_configuration.txt 
fastjet-config does not seem to correspond to a valid fastjet-config executable (v3+). We will use fjcore instead.
 Please set the 'fastjet'variable to the full (absolute) /PATH/TO/fastjet-config (including fastjet-config).
 MG5_aMC> set fastjet /PATH/TO/fastjet-config

lhapdf-config does not seem to correspond to a valid lhapdf-config executable. 
Please set the 'lhapdf' variable to the (absolute) /PATH/TO/lhapdf-config (including lhapdf-config).
Note that you can still compile and run aMC@NLO with the built-in PDFs
 MG5_aMC> set lhapdf /PATH/TO/lhapdf-config

Using default text editor "vi". Set another one in ./input/mg5_configuration.txt
Using default eps viewer "evince". Set another one in ./input/mg5_configuration.txt
Using default web browser "firefox". Set another one in ./input/mg5_configuration.txt
import /home/irina/Documents/PROJECTS/tutorial-madminer-quadractic-classifier/tutorial_particle_physics/mg_processes/signal1/madminer/cards/mg_commands_0.dat
The import format was not given, so we guess it as command
launch ./mg_processes/signal1
************************************************************
*                                                          *
*                      W E L C O M E to                    *
*             M A D G R A P H 5 _ a M C @ N L O            *
*                      M A D E V E N T                     *
*                                                          *
*                 *                       *                *
*                   *        * *        *                  *
*                     * * * * 5 * * * *                    *
*                   *        * *        *                  *
*                 *                       *                *
*                                                          *
*         VERSION 2.6.7                 2019-10-16         *
*                                                          *
*    The MadGraph5_aMC@NLO Development Team - Find us at   *
*    https://server06.fynu.ucl.ac.be/projects/madgraph     *
*                                                          *
*               Type 'help' for in-line help.              *
*                                                          *
************************************************************
INFO: load configuration from /home/irina/Documents/PROJECTS/tutorial-madminer-quadractic-classifier/tutorial_particle_physics/mg_processes/signal1/Cards/me5_configuration.txt  
INFO: load configuration from /home/irina/Documents/PROJECTS/tutorial-madminer-quadractic-classifier/software/MG5_aMC_v2_6_7/input/mg5_configuration.txt  
INFO: load configuration from /home/irina/Documents/PROJECTS/tutorial-madminer-quadractic-classifier/tutorial_particle_physics/mg_processes/signal1/Cards/me5_configuration.txt  
Using default text editor "vi". Set another one in ./input/mg5_configuration.txt
generate_events run_01
stty: 'standard input': Inappropriate ioctl for device
[1;34m"OFF" not valid option for "shower"[0m
The following switches determine which programs are run:
/===========================================================================\
| 1. Choose the shower/hadronization program   [1m  shower[0m = [01mNot Avail.[0m        |
| 2. Choose the detector simulation program    [1mdetector[0m = [01mNot Avail.[0m        |
| 3. Choose an analysis package (plot/convert) [1manalysis[0m = [01mNot Avail.[0m        |
| 4. Decay onshell particles                   [1m madspin[0m = [31mOFF[0m               |
| 5. Add weights to events for new hypp.       [1mreweight[0m = [32mON[0m                |
\===========================================================================/
Either type the switch number (1 to 5) to change its setting,
Set any switch explicitly (e.g. type 'madspin=ON' at the prompt)
Type 'help' for the list of all valid option
Type '0', 'auto', 'done' or just press enter when you are done.
[1;34m"OFF" not valid option for "detector"[0m
The following switches determine which programs are run:
/===========================================================================\
| 1. Choose the shower/hadronization program   [1m  shower[0m = [01mNot Avail.[0m        |
| 2. Choose the detector simulation program    [1mdetector[0m = [01mNot Avail.[0m        |
| 3. Choose an analysis package (plot/convert) [1manalysis[0m = [01mNot Avail.[0m        |
| 4. Decay onshell particles                   [1m madspin[0m = [31mOFF[0m               |
| 5. Add weights to events for new hypp.       [1mreweight[0m = [32mON[0m                |
\===========================================================================/
Either type the switch number (1 to 5) to change its setting,
Set any switch explicitly (e.g. type 'madspin=ON' at the prompt)
Type 'help' for the list of all valid option
Type '0', 'auto', 'done' or just press enter when you are done.
[1;34m"OFF" not valid option for "analysis"[0m
stty: 'standard input': Inappropriate ioctl for device
The following switches determine which programs are run:
/===========================================================================\
| 1. Choose the shower/hadronization program   [1m  shower[0m = [01mNot Avail.[0m        |
| 2. Choose the detector simulation program    [1mdetector[0m = [01mNot Avail.[0m        |
| 3. Choose an analysis package (plot/convert) [1manalysis[0m = [01mNot Avail.[0m        |
| 4. Decay onshell particles                   [1m madspin[0m = [31mOFF[0m               |
| 5. Add weights to events for new hypp.       [1mreweight[0m = [32mON[0m                |
\===========================================================================/
Either type the switch number (1 to 5) to change its setting,
Set any switch explicitly (e.g. type 'madspin=ON' at the prompt)
Type 'help' for the list of all valid option
Type '0', 'auto', 'done' or just press enter when you are done.
The following switches determine which programs are run:
/===========================================================================\
| 1. Choose the shower/hadronization program   [1m  shower[0m = [01mNot Avail.[0m        |
| 2. Choose the detector simulation program    [1mdetector[0m = [01mNot Avail.[0m        |
| 3. Choose an analysis package (plot/convert) [1manalysis[0m = [01mNot Avail.[0m        |
| 4. Decay onshell particles                   [1m madspin[0m = [31mOFF[0m               |
| 5. Add weights to events for new hypp.       [1mreweight[0m = [32mON[0m                |
\===========================================================================/
Either type the switch number (1 to 5) to change its setting,
Set any switch explicitly (e.g. type 'madspin=ON' at the prompt)
Type 'help' for the list of all valid option
Type '0', 'auto', 'done' or just press enter when you are done.
The following switches determine which programs are run:
/===========================================================================\
| 1. Choose the shower/hadronization program   [1m  shower[0m = [01mNot Avail.[0m        |
| 2. Choose the detector simulation program    [1mdetector[0m = [01mNot Avail.[0m        |
| 3. Choose an analysis package (plot/convert) [1manalysis[0m = [01mNot Avail.[0m        |
| 4. Decay onshell particles                   [1m madspin[0m = [31mOFF[0m               |
| 5. Add weights to events for new hypp.       [1mreweight[0m = [32mON[0m                |
\===========================================================================/
Either type the switch number (1 to 5) to change its setting,
Set any switch explicitly (e.g. type 'madspin=ON' at the prompt)
Type 'help' for the list of all valid option
Type '0', 'auto', 'done' or just press enter when you are done.
The following switches determine which programs are run:
/===========================================================================\
| 1. Choose the shower/hadronization program   [1m  shower[0m = [31mOFF[0m               |
| 2. Choose the detector simulation program    [1mdetector[0m = [31mOFF[0m               |
| 3. Choose an analysis package (plot/convert) [1manalysis[0m = [31mOFF[0m               |
| 4. Decay onshell particles                   [1m madspin[0m = [31mOFF[0m               |
| 5. Add weights to events for new hypp.       [1mreweight[0m = [32mON[0m                |
\===========================================================================/
Either type the switch number (1 to 5) to change its setting,
Set any switch explicitly (e.g. type 'madspin=ON' at the prompt)
Type 'help' for the list of all valid option
Type '0', 'auto', 'done' or just press enter when you are done.
The following switches determine which programs are run:
/===========================================================================\
| 1. Choose the shower/hadronization program   [1m  shower[0m = [31mOFF[0m               |
| 2. Choose the detector simulation program    [1mdetector[0m = [31mOFF[0m               |
| 3. Choose an analysis package (plot/convert) [1manalysis[0m = [31mOFF[0m               |
| 4. Decay onshell particles                   [1m madspin[0m = [31mOFF[0m               |
| 5. Add weights to events for new hypp.       [1mreweight[0m = [32mON[0m                |
\===========================================================================/
Either type the switch number (1 to 5) to change its setting,
Set any switch explicitly (e.g. type 'madspin=ON' at the prompt)
Type 'help' for the list of all valid option
Type '0', 'auto', 'done' or just press enter when you are done.
[1mThe answer to the previous question is not set in your input file[0m
[1mUse EOF value[0m
stty: 'standard input': Inappropriate ioctl for device
The following switches determine which programs are run:
/===========================================================================\
| 1. Choose the shower/hadronization program   [1m  shower[0m = [31mOFF[0m               |
| 2. Choose the detector simulation program    [1mdetector[0m = [31mOFF[0m               |
| 3. Choose an analysis package (plot/convert) [1manalysis[0m = [31mOFF[0m               |
| 4. Decay onshell particles                   [1m madspin[0m = [31mOFF[0m               |
| 5. Add weights to events for new hypp.       [1mreweight[0m = [32mON[0m                |
\===========================================================================/
Either type the switch number (1 to 5) to change its setting,
Set any switch explicitly (e.g. type 'madspin=ON' at the prompt)
Type 'help' for the list of all valid option
Type '0', 'auto', 'done' or just press enter when you are done.
The following switches determine which programs are run:
/===========================================================================\
| 1. Choose the shower/hadronization program   [1m  shower[0m = [31mOFF[0m               |
| 2. Choose the detector simulation program    [1mdetector[0m = [31mOFF[0m               |
| 3. Choose an analysis package (plot/convert) [1manalysis[0m = [31mOFF[0m               |
| 4. Decay onshell particles                   [1m madspin[0m = [31mOFF[0m               |
| 5. Add weights to events for new hypp.       [1mreweight[0m = [32mON[0m                |
\===========================================================================/
Either type the switch number (1 to 5) to change its setting,
Set any switch explicitly (e.g. type 'madspin=ON' at the prompt)
Type 'help' for the list of all valid option
Type '0', 'auto', 'done' or just press enter when you are done.
[1mThe answer to the previous question is not set in your input file[0m
[1mUse EOF value[0m
stty: 'standard input': Inappropriate ioctl for device
The following switches determine which programs are run:
/===========================================================================\
| 1. Choose the shower/hadronization program   [1m  shower[0m = [31mOFF[0m               |
| 2. Choose the detector simulation program    [1mdetector[0m = [31mOFF[0m               |
| 3. Choose an analysis package (plot/convert) [1manalysis[0m = [31mOFF[0m               |
| 4. Decay onshell particles                   [1m madspin[0m = [31mOFF[0m               |
| 5. Add weights to events for new hypp.       [1mreweight[0m = [32mON[0m                |
\===========================================================================/
Either type the switch number (1 to 5) to change its setting,
Set any switch explicitly (e.g. type 'madspin=ON' at the prompt)
Type 'help' for the list of all valid option
Type '0', 'auto', 'done' or just press enter when you are done.
The following switches determine which programs are run:
/===========================================================================\
| 1. Choose the shower/hadronization program   [1m  shower[0m = [31mOFF[0m               |
| 2. Choose the detector simulation program    [1mdetector[0m = [31mOFF[0m               |
| 3. Choose an analysis package (plot/convert) [1manalysis[0m = [31mOFF[0m               |
| 4. Decay onshell particles                   [1m madspin[0m = [31mOFF[0m               |
| 5. Add weights to events for new hypp.       [1mreweight[0m = [32mON[0m                |
\===========================================================================/
Either type the switch number (1 to 5) to change its setting,
Set any switch explicitly (e.g. type 'madspin=ON' at the prompt)
Type 'help' for the list of all valid option
Type '0', 'auto', 'done' or just press enter when you are done.
[1mThe answer to the previous question is not set in your input file[0m
[1mUse EOF value[0m
stty: 'standard input': Inappropriate ioctl for device
The following switches determine which programs are run:
/===========================================================================\
| 1. Choose the shower/hadronization program   [1m  shower[0m = [31mOFF[0m               |
| 2. Choose the detector simulation program    [1mdetector[0m = [31mOFF[0m               |
| 3. Choose an analysis package (plot/convert) [1manalysis[0m = [31mOFF[0m               |
| 4. Decay onshell particles                   [1m madspin[0m = [31mOFF[0m               |
| 5. Add weights to events for new hypp.       [1mreweight[0m = [32mON[0m                |
\===========================================================================/
Either type the switch number (1 to 5) to change its setting,
Set any switch explicitly (e.g. type 'madspin=ON' at the prompt)
Type 'help' for the list of all valid option
Type '0', 'auto', 'done' or just press enter when you are done.
The following switches determine which programs are run:
/===========================================================================\
| 1. Choose the shower/hadronization program   [1m  shower[0m = [31mOFF[0m               |
| 2. Choose the detector simulation program    [1mdetector[0m = [31mOFF[0m               |
| 3. Choose an analysis package (plot/convert) [1manalysis[0m = [31mOFF[0m               |
| 4. Decay onshell particles                   [1m madspin[0m = [31mOFF[0m               |
| 5. Add weights to events for new hypp.       [1mreweight[0m = [32mON[0m                |
\===========================================================================/
Either type the switch number (1 to 5) to change its setting,
Set any switch explicitly (e.g. type 'madspin=ON' at the prompt)
Type 'help' for the list of all valid option
Type '0', 'auto', 'done' or just press enter when you are done.
[1mThe answer to the previous question is not set in your input file[0m
[1mUse EOF value[0m
stty: 'standard input': Inappropriate ioctl for device
The following switches determine which programs are run:
/===========================================================================\
| 1. Choose the shower/hadronization program   [1m  shower[0m = [31mOFF[0m               |
| 2. Choose the detector simulation program    [1mdetector[0m = [31mOFF[0m               |
| 3. Choose an analysis package (plot/convert) [1manalysis[0m = [31mOFF[0m               |
| 4. Decay onshell particles                   [1m madspin[0m = [31mOFF[0m               |
| 5. Add weights to events for new hypp.       [1mreweight[0m = [32mON[0m                |
\===========================================================================/
Either type the switch number (1 to 5) to change its setting,
Set any switch explicitly (e.g. type 'madspin=ON' at the prompt)
Type 'help' for the list of all valid option
Type '0', 'auto', 'done' or just press enter when you are done.
The following switches determine which programs are run:
/===========================================================================\
| 1. Choose the shower/hadronization program   [1m  shower[0m = [31mOFF[0m               |
| 2. Choose the detector simulation program    [1mdetector[0m = [31mOFF[0m               |
| 3. Choose an analysis package (plot/convert) [1manalysis[0m = [31mOFF[0m               |
| 4. Decay onshell particles                   [1m madspin[0m = [31mOFF[0m               |
| 5. Add weights to events for new hypp.       [1mreweight[0m = [32mON[0m                |
\===========================================================================/
Either type the switch number (1 to 5) to change its setting,
Set any switch explicitly (e.g. type 'madspin=ON' at the prompt)
Type 'help' for the list of all valid option
Type '0', 'auto', 'done' or just press enter when you are done.
[1mThe answer to the previous question is not set in your input file[0m
[1mUse EOF value[0m
Do you want to edit a card (press enter to bypass editing)?
/------------------------------------------------------------\
|  [31m1[0m. param    : [32mparam_card.dat[0m                              |
|  [31m2[0m. run      : [32mrun_card.dat[0m                                |
|  [31m3[0m. reweight : [32mreweight_card.dat[0m                           |
\------------------------------------------------------------/
 you can also
   - enter the path to a valid card or banner.
   - use the 'set' command to modify a parameter directly.
     The set option works only for param_card and run_card.
     Type 'help set' for more information on this command.
   - call an external program (ASperGE/MadWidth/...).
     Type 'help' for the list of available command
 [[4m0[0m, done, 1, param, 2, run, 3, reweight, enter path]
[1mThe answer to the previous question is not set in your input file[0m
[1mUse 0 value[0m
[1;34mWARNING: Particle 15 with small width detected (2.27e-12): See https://answers.launchpad.net/mg5amcnlo/+faq/3053 to learn the special handling of that case [0m
INFO: Update the dependent parameter of the param_card.dat 
Generating 50000 events with run name run_01
survey  run_01 
INFO: compile directory 
compile Source Directory
Using random number seed offset = 21
INFO: Running Survey 
Creating Jobs
Working on SubProcesses
INFO:     P1_qq_qqh_h_aa  
INFO:  Idle: 1,  Running: 0,  Completed: 0 [ current time: 10h58 ] 
INFO:  Idle: 0,  Running: 0,  Completed: 1 [  0.37s  ] 
INFO:  Idle: 0,  Running: 0,  Completed: 1 [  0.37s  ] 
INFO: End survey 
refine 50000
Creating Jobs
INFO: Refine results to 50000 
INFO: Generating 50000.0 unweigthed events. 
INFO: Effective Luminosity 60424177.7276 pb^-1 
INFO: need to improve 1 channels 
Current estimate of cross-section: 0.00099298 +- 4.8843e-05
    P1_qq_qqh_h_aa 
INFO:  Idle: 56,  Running: 4,  Completed: 0 [ current time: 10h58 ] 
INFO:  Idle: 55,  Running: 4,  Completed: 1 [  6.6s  ] 
INFO:  Idle: 51,  Running: 4,  Completed: 5 [  14.4s  ] 
INFO:  Idle: 47,  Running: 4,  Completed: 9 [  22.1s  ] 
INFO:  Idle: 43,  Running: 4,  Completed: 13 [  30.3s  ] 
INFO:  Idle: 39,  Running: 4,  Completed: 17 [  39.5s  ] 
INFO:  Idle: 35,  Running: 4,  Completed: 21 [  49.8s  ] 
INFO:  Idle: 31,  Running: 4,  Completed: 25 [  1m 1s  ] 
INFO:  Idle: 27,  Running: 4,  Completed: 29 [  1m 11s  ] 
INFO:  Idle: 23,  Running: 4,  Completed: 33 [  1m 21s  ] 
INFO:  Idle: 20,  Running: 4,  Completed: 36 [  1m 24s  ] 
INFO:  Idle: 19,  Running: 4,  Completed: 37 [  1m 33s  ] 
INFO:  Idle: 15,  Running: 4,  Completed: 41 [  1m 42s  ] 
INFO:  Idle: 11,  Running: 4,  Completed: 45 [  1m 50s  ] 
INFO:  Idle: 8,  Running: 4,  Completed: 48 [  1m 53s  ] 
INFO:  Idle: 7,  Running: 4,  Completed: 49 [  2m 0s  ] 
INFO:  Idle: 4,  Running: 4,  Completed: 52 [  2m 3s  ] 
INFO:  Idle: 3,  Running: 4,  Completed: 53 [  2m 9s  ] 
INFO:  Idle: 0,  Running: 3,  Completed: 57 [  2m 18s  ] 
INFO:  Idle: 0,  Running: 0,  Completed: 60 [  2m 19s  ] 
INFO: Combining runs 
INFO: finish refine 
refine 50000
Creating Jobs
INFO: Refine results to 50000 
INFO: Generating 50000.0 unweigthed events. 
INFO: Effective Luminosity 57898292.0004 pb^-1 
INFO: need to improve 0 channels 
Current estimate of cross-section: 0.0010363 +- 1.5332e-06
    P1_qq_qqh_h_aa 
INFO:  Idle: 0,  Running: 0,  Completed: 0 [ current time: 11h00 ] 
INFO: Combining runs 
INFO: finish refine 
INFO: Combining Events 
  === Results Summary for run: run_01 tag: tag_1 ===

     Cross-section :   0.001036 +- 1.533e-06 pb
     Nb of events :  50000
 
store_events
INFO: Storing parton level results 
INFO: End Parton 
reweight -from_cards
INFO: Extracting the banner ... 
INFO: process: u d > u d h  
INFO: options: / a z QCD=0 QED=99 NP=2, h > a a QCD=0 QED=99 NP=0 
INFO: Running Reweighting 
change output default
change helicity False
launch --rwgt_name=w
INFO: detected model: EWdim6-full. Loading... 
INFO: generating the square matrix element for reweighting 
INFO: generate u d > u d h / a z QCD=0 QED=99 NP=2, h > a a QCD=0 QED=99 NP=0 ; 
INFO: Done 1.395 
Do you want to edit a card (press enter to bypass editing)?
/------------------------------------------------------------\
|  [31m1[0m. param : [32mparam_card.dat[0m                                 |
|  [31m9[0m. plot  : [32mplot_card.dat[0m                                  |
\------------------------------------------------------------/
 you can also
   - enter the path to a valid card or banner.
   - use the 'set' command to modify a parameter directly.
     The set option works only for param_card and run_card.
     Type 'help set' for more information on this command.
   - call an external program (ASperGE/MadWidth/...).
     Type 'help' for the list of available command
 [[4m0[0m, done, 1, param, 9, plot, enter path]
>INFO: starts to compute weight for events with the following modification to the param_card: 
INFO: set param_card dim6 2 251.104 # orig: 0.0
KEEP: 
INFO: Event nb 0 current time: 11h01 
INFO: Event nb 10 current time: 11h01 
INFO: Event nb 20  0.026s  
INFO: Event nb 30  0.035s  
INFO: Event nb 40  0.044s  
INFO: Event nb 50  0.054s  
INFO: Event nb 60  0.064s  
INFO: Event nb 70  0.074s  
INFO: Event nb 80  0.084s  
INFO: Event nb 90  0.094s  
INFO: Event nb 100  0.1s  
INFO: Event nb 200  0.19s  
INFO: Event nb 300  0.28s  
INFO: Event nb 400  0.34s  
INFO: Event nb 500  0.41s  
INFO: Event nb 600  0.51s  
INFO: Event nb 700  0.6s  
INFO: Event nb 800  0.69s  
INFO: Event nb 900  0.74s  
INFO: Event nb 1000  0.8s  
INFO: Event nb 2000  1.4s  
INFO: Event nb 3000  2s  
INFO: Event nb 4000  2.7s  
INFO: Event nb 5000  3.4s  
INFO: Event nb 6000  4s  
INFO: Event nb 7000  4.6s  
INFO: Event nb 8000  5.5s  
INFO: Event nb 9000  6s  
INFO: Event nb 10000  6.6s  
INFO: reducing number of print status. Next status update in 10000 events 
INFO: Event nb 20000  13.3s  
INFO: Event nb 30000  19.9s  
INFO: Event nb 40000  26.3s  
